-------------------------------------------------------------------------------
Test set: com.tsg.unittesting.HappyLlamasTest
-------------------------------------------------------------------------------
Tests run: 11, Failures: 7, Errors: 0, Skipped: 0, Time elapsed: 0.031 sec <<< FAILURE! - in com.tsg.unittesting.HappyLlamasTest
testUltraBouncyTrampoline24  Time elapsed: 0.008 sec  <<< FAILURE!
org.opentest4j.AssertionFailedError: 24 Llamas w/ UltraBouncy Trampolines should be Happy! ==> expected: <true> but was: <false>
	at com.tsg.unittesting.HappyLlamasTest.testUltraBouncyTrampoline24(HappyLlamasTest.java:130)

testUltraBouncyTrampoline30  Time elapsed: 0 sec  <<< FAILURE!
org.opentest4j.AssertionFailedError: 30 Llamas w/ UltraBouncy Trampolines should be Happy! ==> expected: <true> but was: <false>
	at com.tsg.unittesting.HappyLlamasTest.testUltraBouncyTrampoline30(HappyLlamasTest.java:143)

testUltraBouncyTrampoline42  Time elapsed: 0.001 sec  <<< FAILURE!
org.opentest4j.AssertionFailedError: 42 Llamas w/ UltraBouncy Trampolines should be Happy! ==> expected: <true> but was: <false>
	at com.tsg.unittesting.HappyLlamasTest.testUltraBouncyTrampoline42(HappyLlamasTest.java:156)

testUltraBouncyTrampoline50  Time elapsed: 0.001 sec  <<< FAILURE!
org.opentest4j.AssertionFailedError: 60 Llamas w/ UltraBouncy Trampolines should be Happy! ==> expected: <true> but was: <false>
	at com.tsg.unittesting.HappyLlamasTest.testUltraBouncyTrampoline50(HappyLlamasTest.java:169)

testNormalTrampoline24  Time elapsed: 0.001 sec  <<< FAILURE!
org.opentest4j.AssertionFailedError: 24 Llamas w/ Normal Trampolines should be Happy! ==> expected: <true> but was: <false>
	at com.tsg.unittesting.HappyLlamasTest.testNormalTrampoline24(HappyLlamasTest.java:64)

testNormalTrampoline30  Time elapsed: 0.001 sec  <<< FAILURE!
org.opentest4j.AssertionFailedError: 30 Llamas w/ Normal Trampolines should be Happy! ==> expected: <true> but was: <false>
	at com.tsg.unittesting.HappyLlamasTest.testNormalTrampoline30(HappyLlamasTest.java:78)

testNormalTrampoline42  Time elapsed: 0 sec  <<< FAILURE!
org.opentest4j.AssertionFailedError: 42 Llamas w/ Normal Trampolines should be Happy! ==> expected: <true> but was: <false>
	at com.tsg.unittesting.HappyLlamasTest.testNormalTrampoline42(HappyLlamasTest.java:91)

